Arguments: 
  C:\Program Files\nodejs\node.exe C:\Users\rickarof\AppData\Roaming\npm\node_modules\yarn\bin\yarn.js install

PATH: 
  C:\Python27\;C:\Python27\Scripts;C:\Program Files (x86)\Common Files\Oracle\Java\javapath;C:\Windows\system32;C:\Windows;C:\Windows\System32\Wbem;C:\Windows\System32\WindowsPowerShell\v1.0\;C:\Program Files (x86)\Intel\OpenCL SDK\3.0\bin\x86;C:\Program Files (x86)\Intel\OpenCL SDK\3.0\bin\x64;C:\Program Files (x86)\NVIDIA Corporation\PhysX\Common;C:\Program Files\Git\cmd;C:\Program Files\OpenVPN\bin;C:\Program Files\PuTTY\;C:\Program Files (x86)\GtkSharp\2.12\bin;C:\Program Files (x86)\Brackets\command;C:\xampp\php;C:\Users\rickarof\AppData\Local\atom\bin;C:\Users\rickarof\AppData\Roaming\Composer\vendor\bin;C:\Users\rickarof\AppData\Local\Programs\Microsoft VS Code\bin;C:\Users\rickarof\AppData\Roaming\npm;C:\Users\rickarof\AppData\Local\Android\Sdk\tools;C:\Users\rickarof\AppData\Local\Android\Sdk\platform-tools;C:\Program Files\nodejs\;C:\Program Files\heroku\bin

Yarn version: 
  1.12.3

Node version: 
  10.15.0

Platform: 
  win32 x64

Trace: 
  Error: EPERM: operation not permitted, scandir 'C:\Users\rickarof\Desktop\expensify-app\node_modules\@types'

npm manifest: 
  {
    "name": "expensify",
    "version": "1.0.0",
    "main": "index.js",
    "author": "Cerci",
    "license": "MIT",
    "scripts": {
      "build": "webpack --mode production --watch",
      "build:prod": "webpack -p --env production",
      "serve": "live-server public/",
      "dev-server": "webpack-dev-server",
      "test": "jest --config=jest.config.json",
      "start": "node server/server.js",
      "heroku-postbuild": "yarn run build:prod"
    },
    "dependencies": {
      "@babel/plugin-proposal-class-properties": "^7.2.3",
      "@babel/plugin-proposal-object-rest-spread": "^7.2.0",
      "@babel/plugin-transform-runtime": "^7.2.0",
      "css-loader": "^2.1.0",
      "enzyme": "3.0.0",
      "enzyme-adapter-react-16": "1.0.0",
      "enzyme-to-json": "3.0.1",
      "express": "^4.16.4",
      "extract-text-webpack-plugin": "^4.0.0-beta.0",
      "jest": "^23.6.0",
      "live-server": "^1.2.1",
      "moment": "^2.23.0",
      "node-sass": "^4.11.0",
      "normalize.css": "^8.0.1",
      "raf": "3.3.2",
      "react": "16.7.0",
      "react-addons-shallow-compare": "^15.6.2",
      "react-dates": "^18.3.1",
      "react-dom": "16.7.0",
      "react-modal": "^3.8.1",
      "react-redux": "^6.0.0",
      "react-router-dom": "^4.3.1",
      "react-test-renderer": "^16.7.0",
      "redux": "^4.0.1",
      "sass-loader": "^7.1.0",
      "style-loader": "^0.23.1",
      "uuid": "^3.3.2",
      "validator": "10.10.0",
      "webpack-dev-server": "^3.1.14"
    },
    "devDependencies": {
      "@babel/core": "^7.2.2",
      "@babel/preset-env": "^7.2.3",
      "@babel/preset-react": "^7.0.0",
      "babel-core": "^7.0.0-bridge.0",
      "babel-jest": "^23.6.0",
      "babel-loader": "^8.0.2",
      "regenerator-runtime": "^0.13.1",
      "webpack": "^4.28.3",
      "webpack-cli": "^3.2.1"
    }
  }

yarn manifest: 
  No manifest

Lockfile: 
  No lockfile
